<?xml version="1.0" encoding="UTF-8"?>
<!-- Generated by org.testng.reporters.JUnitReportReporter -->
<testsuite skipped="0" hostname="DESKTOP-MFA0791" name="SeleniumEasy.Calendar" tests="1" failures="0" timestamp="14 Aug 2020 12:54:42 GMT" time="27.012" errors="0">
  <testcase name="bootStrapDatePicker" time="27.012" classname="SeleniumEasy.Calendar"/>
</testsuite> <!-- SeleniumEasy.Calendar -->
