<?xml version="1.0" encoding="UTF-8"?>
<!-- Generated by org.testng.reporters.JUnitReportReporter -->
<testsuite skipped="0" hostname="DESKTOP-MFA0791" name="SeleniumEasy.DatePickers" tests="1" failures="0" timestamp="14 Aug 2020 11:11:53 GMT" time="23.696" errors="0">
  <testcase name="bootStrapDatePicker" time="23.696" classname="SeleniumEasy.DatePickers"/>
</testsuite> <!-- SeleniumEasy.DatePickers -->
